<?xml version="1.0" encoding="UTF-8"?>
<testsuite xmlns:xsi="http://www.w3.org/2001/XMLSchema-instance" xsi:noNamespaceSchemaLocation="https://maven.apache.org/surefire/maven-surefire-plugin/xsd/surefire-test-report.xsd" version="3.0.2" name="edu.eci.redisExercise.RedisExerciseApplicationTests" time="2.47" tests="1" errors="0" skipped="0" failures="0" flakes="0">
  <properties>
[...]
</properties>
  <testcase name="contextLoads" classname="edu.eci.redisExercise.RedisExerciseApplicationTests" time="0.799">
    <system-out><![CDATA[12:59:01.985 [main] INFO org.springframework.test.context.support.AnnotationConfigContextLoaderUtils -- Could not detect default configuration classes for test class [edu.eci.redisExercise.RedisExerciseApplicationTests]: RedisExerciseApplicationTests does not declare any static, non-private, non-final, nested classes annotated with @Configuration.
12:59:02.159 [main] INFO org.springframework.boot.test.context.SpringBootTestContextBootstrapper -- Found @SpringBootConfiguration edu.eci.redisExercise.RedisExerciseApplication for test class edu.eci.redisExercise.RedisExerciseApplicationTests
12:59:02.322 [main] INFO org.springframework.test.context.support.AnnotationConfigContextLoaderUtils -- Could not detect default configuration classes for test class [edu.eci.redisExercise.RedisExerciseApplicationTests]: RedisExerciseApplicationTests does not declare any static, non-private, non-final, nested classes annotated with @Configuration.
12:59:02.325 [main] INFO org.springframework.boot.test.context.SpringBootTestContextBootstrapper -- Found @SpringBootConfiguration edu.eci.redisExercise.RedisExerciseApplication for test class edu.eci.redisExercise.RedisExerciseApplicationTests

  .   ____          _            __ _ _
 /\\ / ___'_ __ _ _(_)_ __  __ _ \ \ \ \
( ( )\___ | '_ | '_| | '_ \/ _` | \ \ \ \
 \\/  ___)| |_)| | | | | || (_| |  ) ) ) )
  '  |____| .__|_| |_|_| |_\__, | / / / /
 =========|_|==============|___/=/_/_/_/

 :: Spring Boot ::                (v4.1.0)

2026-06-23T12:59:02.817-05:00  WARN 17814 --- [redisExercise] [           main] ory$DuplicateJsonObjectContextCustomizer : 

Found multiple occurrences of org.json.JSONObject on the class path:

	jar:file:/home/daniel/.m2/repository/org/json/json/20231013/json-20231013.jar!/org/json/JSONObject.class
	jar:file:/home/daniel/.m2/repository/com/vaadin/external/google/android-json/0.0.20131108.vaadin1/android-json-0.0.20131108.vaadin1.jar!/org/json/JSONObject.class

You may wish to exclude one of them to ensure predictable runtime behavior

2026-06-23T12:59:02.834-05:00  INFO 17814 --- [redisExercise] [           main] e.e.r.RedisExerciseApplicationTests      : Starting RedisExerciseApplicationTests using Java 26.0.1 with PID 17814 (started by daniel in /home/daniel/arsw/RedisActivity)
2026-06-23T12:59:02.836-05:00  INFO 17814 --- [redisExercise] [           main] e.e.r.RedisExerciseApplicationTests      : No active profile set, falling back to 1 default profile: "default"
2026-06-23T12:59:03.383-05:00  INFO 17814 --- [redisExercise] [           main] e.e.r.RedisExerciseApplicationTests      : Started RedisExerciseApplicationTests in 0.939 seconds (process running for 2.573)
]]></system-out>
    <system-err><![CDATA[Mockito is currently self-attaching to enable the inline-mock-maker. This will no longer work in future releases of the JDK. Please add Mockito as an agent to your build as described in Mockito's documentation: https://javadoc.io/doc/org.mockito/mockito-core/latest/org.mockito/org/mockito/Mockito.html#0.3
WARNING: A Java agent has been loaded dynamically (/home/daniel/.m2/repository/net/bytebuddy/byte-buddy-agent/1.18.10/byte-buddy-agent-1.18.10.jar)
WARNING: If a serviceability tool is in use, please run with -XX:+EnableDynamicAgentLoading to hide this warning
WARNING: If a serviceability tool is not in use, please run with -Djdk.instrument.traceUsage for more information
WARNING: Dynamic loading of agents will be disallowed by default in a future release
]]></system-err>
  </testcase>
</testsuite>